==1786145== Helgrind, a thread error detector
==1786145== Copyright (C) 2007-2017, and GNU GPL'd, by OpenWorks LLP et al.
==1786145== Using Valgrind-3.18.1 and LibVEX; rerun with -h for copyright info
==1786145== Command: ./philo 4 310 200 100 2
==1786145== 
==1786145== ---Thread-Announcement------------------------------------------
==1786145== 
==1786145== Thread #4 was created
==1786145==    at 0x49A19F3: clone (clone.S:76)
==1786145==    by 0x49A28EE: __clone_internal (clone-internal.c:83)
==1786145==    by 0x49106D8: create_thread (pthread_create.c:295)
==1786145==    by 0x49111FF: pthread_create@@GLIBC_2.34 (pthread_create.c:828)
==1786145==    by 0x4853767: ??? (in /usr/libexec/valgrind/vgpreload_helgrind-amd64-linux.so)
==1786145==    by 0x109991: thread_create (thread_create.c:66)
==1786145==    by 0x109DDC: main (main.c:42)
==1786145== 
==1786145== ----------------------------------------------------------------
==1786145== 
==1786145== Thread #4: Exiting thread still holds 2 locks
==1786145==    at 0x4910A66: start_thread (pthread_create.c:593)
==1786145==    by 0x49A1A03: clone (clone.S:100)
==1786145== 
==1786145== ---Thread-Announcement------------------------------------------
==1786145== 
==1786145== Thread #2 was created
==1786145==    at 0x49A19F3: clone (clone.S:76)
==1786145==    by 0x49A28EE: __clone_internal (clone-internal.c:83)
==1786145==    by 0x49106D8: create_thread (pthread_create.c:295)
==1786145==    by 0x49111FF: pthread_create@@GLIBC_2.34 (pthread_create.c:828)
==1786145==    by 0x4853767: ??? (in /usr/libexec/valgrind/vgpreload_helgrind-amd64-linux.so)
==1786145==    by 0x109991: thread_create (thread_create.c:66)
==1786145==    by 0x109DDC: main (main.c:42)
==1786145== 
==1786145== ----------------------------------------------------------------
==1786145== 
==1786145== Thread #2: Exiting thread still holds 2 locks
==1786145==    at 0x4910A66: start_thread (pthread_create.c:593)
==1786145==    by 0x49A1A03: clone (clone.S:100)
==1786145== 
==1786145== 
==1786145== Process terminating with default action of signal 15 (SIGTERM)
==1786145==    at 0x490D117: __futex_abstimed_wait_common64 (futex-internal.c:57)
==1786145==    by 0x490D117: __futex_abstimed_wait_common (futex-internal.c:87)
==1786145==    by 0x490D117: __futex_abstimed_wait_cancelable64 (futex-internal.c:139)
==1786145==    by 0x4912623: __pthread_clockjoin_ex (pthread_join_common.c:105)
==1786145==    by 0x48508F5: ??? (in /usr/libexec/valgrind/vgpreload_helgrind-amd64-linux.so)
==1786145==    by 0x109A4C: thread_create (thread_create.c:87)
==1786145==    by 0x109DDC: main (main.c:42)
==1786145== 
==1786145== Use --history-level=approx or =none to gain increased speed, at
==1786145== the cost of reduced accuracy of conflicting-access information
==1786145== For lists of detected and suppressed errors, rerun with: -s
==1786145== ERROR SUMMARY: 2 errors from 2 contexts (suppressed: 284 from 79)
